{"/Users/danjesus/Projects/whishlist/index.js":{"path":"/Users/danjesus/Projects/whishlist/index.js","s":{"1":1,"2":1,"3":1,"4":1,"5":1,"6":2,"7":1,"8":1,"9":1},"b":{"1":[0,2],"2":[2,2]},"f":{"1":2},"fnMap":{"1":{"name":"_interopRequireDefault","line":0,"loc":{"start":{"line":0,"column":0},"end":{"line":0,"column":0}},"skip":true}},"statementMap":{"1":{"start":{"line":1,"column":0},"end":{"line":null,"column":null}},"2":{"start":{"line":0,"column":0},"end":{"line":0,"column":0},"skip":true},"3":{"start":{"line":2,"column":0},"end":{"line":null,"column":null}},"4":{"start":{"line":0,"column":0},"end":{"line":0,"column":0},"skip":true},"5":{"start":{"line":0,"column":0},"end":{"line":0,"column":0},"skip":true},"6":{"start":{"line":0,"column":0},"end":{"line":0,"column":0},"skip":true},"7":{"start":{"line":4,"column":0},"end":{"line":null,"column":null}},"8":{"start":{"line":6,"column":0},"end":{"line":null,"column":null}},"9":{"start":{"line":15,"column":0},"end":{"line":null,"column":null}}},"branchMap":{"1":{"line":0,"type":"cond-expr","locations":[{"start":{"line":0,"column":0},"end":{"line":0,"column":0},"skip":true},{"start":{"line":0,"column":0},"end":{"line":0,"column":0},"skip":true}]},"2":{"line":0,"type":"binary-expr","locations":[{"start":{"line":0,"column":0},"end":{"line":0,"column":0},"skip":true},{"start":{"line":0,"column":0},"end":{"line":0,"column":0},"skip":true}]}}},"/Users/danjesus/Projects/whishlist/config.js":{"path":"/Users/danjesus/Projects/whishlist/config.js","s":{"1":1,"2":1,"3":1},"b":{"1":[1,0]},"f":{"1":1},"fnMap":{"1":{"name":"(anonymous_1)","line":3,"loc":{"start":{"line":3,"column":17},"end":{"line":null,"column":null}}}},"statementMap":{"1":{"start":{"line":1,"column":0},"end":{"line":null,"column":null}},"2":{"start":{"line":3,"column":0},"end":{"line":null,"column":null}},"3":{"start":{"line":3,"column":23},"end":{"line":null,"column":null}}},"branchMap":{"1":{"line":1,"type":"binary-expr","locations":[{"start":{"line":1,"column":35},"end":{"line":1,"column":35}},{"start":{"line":1,"column":59},"end":{"line":1,"column":15}}]}}},"/Users/danjesus/Projects/whishlist/config.test.js":{"path":"/Users/danjesus/Projects/whishlist/config.test.js","s":{"1":1},"b":{},"f":{},"fnMap":{},"statementMap":{"1":{"start":{"line":1,"column":0},"end":{"line":null,"column":null}}},"branchMap":{}},"/Users/danjesus/Projects/whishlist/db.js":{"path":"/Users/danjesus/Projects/whishlist/db.js","s":{"1":1,"2":1,"3":1,"4":1,"5":1,"6":1,"7":1,"8":3,"9":1,"10":1,"11":1,"12":0,"13":1,"14":1,"15":1,"16":1,"17":1,"18":2,"19":2,"20":2,"21":2,"22":1,"23":2,"24":1},"b":{"1":[0,3],"2":[3,3],"3":[0,1],"4":[2,0]},"f":{"1":3,"2":1,"3":2,"4":2},"fnMap":{"1":{"name":"_interopRequireDefault","line":0,"loc":{"start":{"line":0,"column":0},"end":{"line":0,"column":0}},"skip":true},"2":{"name":"(anonymous_2)","line":7,"loc":{"start":{"line":7,"column":17},"end":{"line":7,"column":26}}},"3":{"name":"(anonymous_3)","line":26,"loc":{"start":{"line":26,"column":30},"end":{"line":26,"column":38}}},"4":{"name":"(anonymous_4)","line":35,"loc":{"start":{"line":35,"column":33},"end":{"line":35,"column":40}}}},"statementMap":{"1":{"start":{"line":1,"column":0},"end":{"line":null,"column":null}},"2":{"start":{"line":0,"column":0},"end":{"line":0,"column":0},"skip":true},"3":{"start":{"line":2,"column":0},"end":{"line":null,"column":null}},"4":{"start":{"line":0,"column":0},"end":{"line":0,"column":0},"skip":true},"5":{"start":{"line":3,"column":0},"end":{"line":null,"column":null}},"6":{"start":{"line":0,"column":0},"end":{"line":0,"column":0},"skip":true},"7":{"start":{"line":0,"column":0},"end":{"line":0,"column":0},"skip":true},"8":{"start":{"line":0,"column":0},"end":{"line":0,"column":0},"skip":true},"9":{"start":{"line":5,"column":0},"end":{"line":null,"column":null}},"10":{"start":{"line":7,"column":0},"end":{"line":null,"column":null}},"11":{"start":{"line":8,"column":6},"end":{"line":null,"column":null}},"12":{"start":{"line":8,"column":19},"end":{"line":null,"column":null}},"13":{"start":{"line":9,"column":8},"end":{"line":null,"column":null}},"14":{"start":{"line":11,"column":8},"end":{"line":null,"column":null}},"15":{"start":{"line":18,"column":7},"end":{"line":null,"column":null}},"16":{"start":{"line":24,"column":8},"end":{"line":null,"column":null}},"17":{"start":{"line":26,"column":5},"end":{"line":null,"column":null}},"18":{"start":{"line":27,"column":10},"end":{"line":null,"column":null}},"19":{"start":{"line":28,"column":10},"end":{"line":null,"column":null}},"20":{"start":{"line":30,"column":8},"end":{"line":null,"column":null}},"21":{"start":{"line":31,"column":9},"end":{"line":null,"column":null}},"22":{"start":{"line":35,"column":9},"end":{"line":null,"column":null}},"23":{"start":{"line":36,"column":7},"end":{"line":null,"column":null}},"24":{"start":{"line":39,"column":9},"end":{"line":null,"column":null}}},"branchMap":{"1":{"line":0,"type":"cond-expr","locations":[{"start":{"line":0,"column":0},"end":{"line":0,"column":0},"skip":true},{"start":{"line":0,"column":0},"end":{"line":0,"column":0},"skip":true}]},"2":{"line":0,"type":"binary-expr","locations":[{"start":{"line":0,"column":0},"end":{"line":0,"column":0},"skip":true},{"start":{"line":0,"column":0},"end":{"line":0,"column":0},"skip":true}]},"3":{"line":8,"type":"if","locations":[{"start":{"line":8,"column":6},"end":{"line":8,"column":6}},{"start":{"line":8,"column":6},"end":{"line":8,"column":6}}]},"4":{"line":30,"type":"if","locations":[{"start":{"line":30,"column":8},"end":{"line":30,"column":8}},{"start":{"line":30,"column":8},"end":{"line":30,"column":8}}]}}},"/Users/danjesus/Projects/whishlist/models/user.js":{"path":"/Users/danjesus/Projects/whishlist/models/user.js","s":{"1":1,"2":1,"3":1,"4":1,"5":1,"6":1,"7":14,"8":14,"9":1,"10":2,"11":1},"b":{"1":[1,0],"2":[1,1]},"f":{"1":1,"2":1,"3":14,"4":1,"5":2},"fnMap":{"1":{"name":"_interopRequireDefault","line":0,"loc":{"start":{"line":0,"column":0},"end":{"line":0,"column":0}},"skip":true},"2":{"name":"(anonymous_2)","line":3,"loc":{"start":{"line":3,"column":17},"end":{"line":3,"column":43}}},"3":{"name":"beforeCreate","line":13,"loc":{"start":{"line":13,"column":22},"end":{"line":13,"column":30}}},"4":{"name":"associate","line":20,"loc":{"start":{"line":20,"column":18},"end":{"line":20,"column":26}}},"5":{"name":"isPassword","line":23,"loc":{"start":{"line":23,"column":20},"end":{"line":null,"column":null}}}},"statementMap":{"1":{"start":{"line":1,"column":0},"end":{"line":null,"column":null}},"2":{"start":{"line":0,"column":0},"end":{"line":0,"column":0},"skip":true},"3":{"start":{"line":0,"column":0},"end":{"line":0,"column":0},"skip":true},"4":{"start":{"line":0,"column":0},"end":{"line":0,"column":0},"skip":true},"5":{"start":{"line":3,"column":0},"end":{"line":null,"column":null}},"6":{"start":{"line":4,"column":8},"end":{"line":null,"column":null}},"7":{"start":{"line":14,"column":16},"end":{"line":null,"column":null}},"8":{"start":{"line":16,"column":18},"end":{"line":null,"column":null}},"9":{"start":{"line":21,"column":15},"end":{"line":null,"column":null}},"10":{"start":{"line":23,"column":39},"end":{"line":null,"column":null}},"11":{"start":{"line":27,"column":9},"end":{"line":null,"column":null}}},"branchMap":{"1":{"line":0,"type":"cond-expr","locations":[{"start":{"line":0,"column":0},"end":{"line":0,"column":0},"skip":true},{"start":{"line":0,"column":0},"end":{"line":0,"column":0},"skip":true}]},"2":{"line":0,"type":"binary-expr","locations":[{"start":{"line":0,"column":0},"end":{"line":0,"column":0},"skip":true},{"start":{"line":0,"column":0},"end":{"line":0,"column":0},"skip":true}]}}},"/Users/danjesus/Projects/whishlist/lib/password.factory.js":{"path":"/Users/danjesus/Projects/whishlist/lib/password.factory.js","s":{"1":1,"2":1,"3":1,"4":1,"5":2,"6":2,"7":2,"8":2,"9":2,"10":2,"11":1,"12":1,"13":0,"14":1,"15":1,"16":1,"17":1,"18":1,"19":1,"20":1,"21":1,"22":0,"23":0,"24":1,"25":1,"26":0,"27":1,"28":16,"29":16,"30":16,"31":3,"32":1,"33":1},"b":{"1":[2,2],"2":[2,0],"3":[0,1],"4":[1,0],"5":[0,1],"6":[1,1],"7":[0,0]},"f":{"1":1,"2":1,"3":1,"4":1,"5":0,"6":1,"7":0,"8":16,"9":3},"fnMap":{"1":{"name":"(anonymous_1)","line":0,"loc":{"start":{"line":0,"column":0},"end":{"line":0,"column":0}},"skip":true},"2":{"name":"defineProperties","line":0,"loc":{"start":{"line":0,"column":0},"end":{"line":0,"column":0}},"skip":true},"3":{"name":"(anonymous_3)","line":0,"loc":{"start":{"line":0,"column":0},"end":{"line":0,"column":0}},"skip":true},"4":{"name":"_interopRequireDefault","line":0,"loc":{"start":{"line":0,"column":0},"end":{"line":0,"column":0}},"skip":true},"5":{"name":"_classCallCheck","line":0,"loc":{"start":{"line":0,"column":0},"end":{"line":0,"column":0}},"skip":true},"6":{"name":"(anonymous_6)","line":0,"loc":{"start":{"line":0,"column":0},"end":{"line":0,"column":0}},"skip":true},"7":{"name":"PasswordFactory","line":0,"loc":{"start":{"line":0,"column":0},"end":{"line":0,"column":0}},"skip":true},"8":{"name":"create","line":4,"loc":{"start":{"line":4,"column":16},"end":{"line":4,"column":26}}},"9":{"name":"compare","line":11,"loc":{"start":{"line":11,"column":17},"end":{"line":11,"column":33}}}},"statementMap":{"1":{"start":{"line":0,"column":0},"end":{"line":0,"column":0},"skip":true},"2":{"start":{"line":0,"column":0},"end":{"line":0,"column":0},"skip":true},"3":{"start":{"line":0,"column":0},"end":{"line":0,"column":0},"skip":true},"4":{"start":{"line":0,"column":0},"end":{"line":0,"column":0},"skip":true},"5":{"start":{"line":0,"column":0},"end":{"line":0,"column":0},"skip":true},"6":{"start":{"line":0,"column":0},"end":{"line":0,"column":0},"skip":true},"7":{"start":{"line":0,"column":0},"end":{"line":0,"column":0},"skip":true},"8":{"start":{"line":0,"column":0},"end":{"line":0,"column":0},"skip":true},"9":{"start":{"line":0,"column":0},"end":{"line":0,"column":0},"skip":true},"10":{"start":{"line":0,"column":0},"end":{"line":0,"column":0},"skip":true},"11":{"start":{"line":0,"column":0},"end":{"line":0,"column":0},"skip":true},"12":{"start":{"line":0,"column":0},"end":{"line":0,"column":0},"skip":true},"13":{"start":{"line":0,"column":0},"end":{"line":0,"column":0},"skip":true},"14":{"start":{"line":0,"column":0},"end":{"line":0,"column":0},"skip":true},"15":{"start":{"line":0,"column":0},"end":{"line":0,"column":0},"skip":true},"16":{"start":{"line":0,"column":0},"end":{"line":0,"column":0},"skip":true},"17":{"start":{"line":1,"column":0},"end":{"line":null,"column":null}},"18":{"start":{"line":0,"column":0},"end":{"line":0,"column":0},"skip":true},"19":{"start":{"line":0,"column":0},"end":{"line":0,"column":0},"skip":true},"20":{"start":{"line":0,"column":0},"end":{"line":0,"column":0},"skip":true},"21":{"start":{"line":0,"column":0},"end":{"line":0,"column":0},"skip":true},"22":{"start":{"line":0,"column":0},"end":{"line":0,"column":0},"skip":true},"23":{"start":{"line":0,"column":0},"end":{"line":0,"column":0},"skip":true},"24":{"start":{"line":3,"column":21},"end":{"line":null,"column":null}},"25":{"start":{"line":0,"column":0},"end":{"line":0,"column":0},"skip":true},"26":{"start":{"line":0,"column":0},"end":{"line":0,"column":0},"skip":true},"27":{"start":{"line":0,"column":0},"end":{"line":0,"column":0},"skip":true},"28":{"start":{"line":5,"column":10},"end":{"line":null,"column":null}},"29":{"start":{"line":6,"column":10},"end":{"line":null,"column":null}},"30":{"start":{"line":8,"column":11},"end":{"line":null,"column":null}},"31":{"start":{"line":12,"column":11},"end":{"line":null,"column":null}},"32":{"start":{"line":0,"column":0},"end":{"line":0,"column":0},"skip":true},"33":{"start":{"line":3,"column":21},"end":{"line":null,"column":null}}},"branchMap":{"1":{"line":0,"type":"binary-expr","locations":[{"start":{"line":0,"column":0},"end":{"line":0,"column":0},"skip":true},{"start":{"line":0,"column":0},"end":{"line":0,"column":0},"skip":true}]},"2":{"line":0,"type":"if","locations":[{"start":{"line":0,"column":0},"end":{"line":0,"column":0},"skip":true},{"start":{"line":0,"column":0},"end":{"line":0,"column":0},"skip":true}]},"3":{"line":0,"type":"if","locations":[{"start":{"line":0,"column":0},"end":{"line":0,"column":0},"skip":true},{"start":{"line":0,"column":0},"end":{"line":0,"column":0},"skip":true}]},"4":{"line":0,"type":"if","locations":[{"start":{"line":0,"column":0},"end":{"line":0,"column":0},"skip":true},{"start":{"line":0,"column":0},"end":{"line":0,"column":0},"skip":true}]},"5":{"line":0,"type":"cond-expr","locations":[{"start":{"line":0,"column":0},"end":{"line":0,"column":0},"skip":true},{"start":{"line":0,"column":0},"end":{"line":0,"column":0},"skip":true}]},"6":{"line":0,"type":"binary-expr","locations":[{"start":{"line":0,"column":0},"end":{"line":0,"column":0},"skip":true},{"start":{"line":0,"column":0},"end":{"line":0,"column":0},"skip":true}]},"7":{"line":0,"type":"if","locations":[{"start":{"line":0,"column":0},"end":{"line":0,"column":0},"skip":true},{"start":{"line":0,"column":0},"end":{"line":0,"column":0},"skip":true}]}}},"/Users/danjesus/Projects/whishlist/models/whishlist.js":{"path":"/Users/danjesus/Projects/whishlist/models/whishlist.js","s":{"1":1,"2":1,"3":1,"4":1},"b":{},"f":{"1":1,"2":1},"fnMap":{"1":{"name":"(anonymous_1)","line":1,"loc":{"start":{"line":1,"column":17},"end":{"line":1,"column":43}}},"2":{"name":"associate","line":9,"loc":{"start":{"line":9,"column":16},"end":{"line":9,"column":24}}}},"statementMap":{"1":{"start":{"line":1,"column":0},"end":{"line":null,"column":null}},"2":{"start":{"line":2,"column":8},"end":{"line":null,"column":null}},"3":{"start":{"line":10,"column":18},"end":{"line":null,"column":null}},"4":{"start":{"line":15,"column":9},"end":{"line":null,"column":null}}},"branchMap":{}},"/Users/danjesus/Projects/whishlist/auth.js":{"path":"/Users/danjesus/Projects/whishlist/auth.js","s":{"1":1,"2":1,"3":1,"4":1,"5":1,"6":1,"7":1,"8":1,"9":1,"10":1,"11":8,"12":8,"13":8,"14":0,"15":0,"16":1,"17":1,"18":8,"19":1,"20":0,"21":1,"22":1,"23":3},"b":{"1":[0,1],"2":[1,1],"3":[8,0]},"f":{"1":1,"2":1,"3":8,"4":8,"5":0,"6":8,"7":0,"8":1,"9":3},"fnMap":{"1":{"name":"_interopRequireDefault","line":0,"loc":{"start":{"line":0,"column":0},"end":{"line":0,"column":0}},"skip":true},"2":{"name":"(anonymous_2)","line":4,"loc":{"start":{"line":4,"column":17},"end":{"line":4,"column":24}}},"3":{"name":"(anonymous_3)","line":12,"loc":{"start":{"line":12,"column":40},"end":{"line":12,"column":59}}},"4":{"name":"(anonymous_4)","line":14,"loc":{"start":{"line":14,"column":12},"end":{"line":14,"column":20}}},"5":{"name":"(anonymous_5)","line":21,"loc":{"start":{"line":21,"column":13},"end":{"line":null,"column":null}}},"6":{"name":"(anonymous_6)","line":26,"loc":{"start":{"line":26,"column":25},"end":{"line":null,"column":null}}},"7":{"name":"(anonymous_7)","line":28,"loc":{"start":{"line":28,"column":27},"end":{"line":null,"column":null}}},"8":{"name":"init","line":31,"loc":{"start":{"line":31,"column":10},"end":{"line":null,"column":null}}},"9":{"name":"authenticate","line":32,"loc":{"start":{"line":32,"column":18},"end":{"line":null,"column":null}}}},"statementMap":{"1":{"start":{"line":1,"column":0},"end":{"line":null,"column":null}},"2":{"start":{"line":0,"column":0},"end":{"line":0,"column":0},"skip":true},"3":{"start":{"line":2,"column":0},"end":{"line":null,"column":null}},"4":{"start":{"line":0,"column":0},"end":{"line":0,"column":0},"skip":true},"5":{"start":{"line":0,"column":0},"end":{"line":0,"column":0},"skip":true},"6":{"start":{"line":4,"column":0},"end":{"line":null,"column":null}},"7":{"start":{"line":5,"column":8},"end":{"line":null,"column":null}},"8":{"start":{"line":6,"column":8},"end":{"line":null,"column":null}},"9":{"start":{"line":7,"column":8},"end":{"line":null,"column":null}},"10":{"start":{"line":12,"column":8},"end":{"line":null,"column":null}},"11":{"start":{"line":13,"column":9},"end":{"line":null,"column":null}},"12":{"start":{"line":15,"column":12},"end":{"line":null,"column":null}},"13":{"start":{"line":16,"column":17},"end":{"line":null,"column":null}},"14":{"start":{"line":19,"column":15},"end":{"line":null,"column":null}},"15":{"start":{"line":21,"column":20},"end":{"line":null,"column":null}},"16":{"start":{"line":24,"column":11},"end":{"line":null,"column":null}},"17":{"start":{"line":26,"column":11},"end":{"line":null,"column":null}},"18":{"start":{"line":26,"column":41},"end":{"line":null,"column":null}},"19":{"start":{"line":28,"column":11},"end":{"line":null,"column":null}},"20":{"start":{"line":28,"column":43},"end":{"line":null,"column":null}},"21":{"start":{"line":30,"column":9},"end":{"line":null,"column":null}},"22":{"start":{"line":31,"column":16},"end":{"line":null,"column":null}},"23":{"start":{"line":32,"column":24},"end":{"line":null,"column":null}}},"branchMap":{"1":{"line":0,"type":"cond-expr","locations":[{"start":{"line":0,"column":0},"end":{"line":0,"column":0},"skip":true},{"start":{"line":0,"column":0},"end":{"line":0,"column":0},"skip":true}]},"2":{"line":0,"type":"binary-expr","locations":[{"start":{"line":0,"column":0},"end":{"line":0,"column":0},"skip":true},{"start":{"line":0,"column":0},"end":{"line":0,"column":0},"skip":true}]},"3":{"line":15,"type":"if","locations":[{"start":{"line":15,"column":12},"end":{"line":15,"column":12}},{"start":{"line":15,"column":12},"end":{"line":15,"column":12}}]}}},"/Users/danjesus/Projects/whishlist/lib/middlewares.js":{"path":"/Users/danjesus/Projects/whishlist/lib/middlewares.js","s":{"1":1,"2":1,"3":1,"4":1,"5":1,"6":1,"7":1,"8":1,"9":1,"10":1,"11":1,"12":1,"13":1,"14":1,"15":1,"16":7,"17":1,"18":1,"19":1,"20":1,"21":1,"22":1,"23":1,"24":1,"25":1,"26":1,"27":1,"28":1,"29":1,"30":1,"31":17,"32":1,"33":17,"34":17,"35":17,"36":1,"37":1},"b":{"1":[0,7],"2":[7,7],"3":[1,0],"4":[1,1]},"f":{"1":7,"2":1,"3":17,"4":17},"fnMap":{"1":{"name":"_interopRequireDefault","line":0,"loc":{"start":{"line":0,"column":0},"end":{"line":0,"column":0}},"skip":true},"2":{"name":"(anonymous_2)","line":9,"loc":{"start":{"line":9,"column":17},"end":{"line":9,"column":24}}},"3":{"name":"write","line":33,"loc":{"start":{"line":33,"column":13},"end":{"line":33,"column":24}}},"4":{"name":"(anonymous_4)","line":39,"loc":{"start":{"line":39,"column":10},"end":{"line":39,"column":31}}}},"statementMap":{"1":{"start":{"line":1,"column":0},"end":{"line":null,"column":null}},"2":{"start":{"line":0,"column":0},"end":{"line":0,"column":0},"skip":true},"3":{"start":{"line":2,"column":0},"end":{"line":null,"column":null}},"4":{"start":{"line":0,"column":0},"end":{"line":0,"column":0},"skip":true},"5":{"start":{"line":3,"column":0},"end":{"line":null,"column":null}},"6":{"start":{"line":0,"column":0},"end":{"line":0,"column":0},"skip":true},"7":{"start":{"line":4,"column":0},"end":{"line":null,"column":null}},"8":{"start":{"line":0,"column":0},"end":{"line":0,"column":0},"skip":true},"9":{"start":{"line":5,"column":0},"end":{"line":null,"column":null}},"10":{"start":{"line":0,"column":0},"end":{"line":0,"column":0},"skip":true},"11":{"start":{"line":6,"column":0},"end":{"line":null,"column":null}},"12":{"start":{"line":0,"column":0},"end":{"line":0,"column":0},"skip":true},"13":{"start":{"line":7,"column":0},"end":{"line":null,"column":null}},"14":{"start":{"line":0,"column":0},"end":{"line":0,"column":0},"skip":true},"15":{"start":{"line":0,"column":0},"end":{"line":0,"column":0},"skip":true},"16":{"start":{"line":0,"column":0},"end":{"line":0,"column":0},"skip":true},"17":{"start":{"line":9,"column":0},"end":{"line":null,"column":null}},"18":{"start":{"line":10,"column":8},"end":{"line":null,"column":null}},"19":{"start":{"line":11,"column":8},"end":{"line":null,"column":null}},"20":{"start":{"line":12,"column":8},"end":{"line":null,"column":null}},"21":{"start":{"line":14,"column":6},"end":{"line":null,"column":null}},"22":{"start":{"line":15,"column":6},"end":{"line":null,"column":null}},"23":{"start":{"line":16,"column":6},"end":{"line":null,"column":null}},"24":{"start":{"line":17,"column":6},"end":{"line":null,"column":null}},"25":{"start":{"line":19,"column":6},"end":{"line":null,"column":null}},"26":{"start":{"line":21,"column":6},"end":{"line":null,"column":null}},"27":{"start":{"line":25,"column":6},"end":{"line":null,"column":null}},"28":{"start":{"line":27,"column":6},"end":{"line":null,"column":null}},"29":{"start":{"line":29,"column":6},"end":{"line":null,"column":null}},"30":{"start":{"line":31,"column":6},"end":{"line":null,"column":null}},"31":{"start":{"line":34,"column":15},"end":{"line":null,"column":null}},"32":{"start":{"line":39,"column":6},"end":{"line":null,"column":null}},"33":{"start":{"line":40,"column":10},"end":{"line":null,"column":null}},"34":{"start":{"line":41,"column":11},"end":{"line":null,"column":null}},"35":{"start":{"line":43,"column":9},"end":{"line":null,"column":null}},"36":{"start":{"line":46,"column":6},"end":{"line":null,"column":null}},"37":{"start":{"line":48,"column":6},"end":{"line":null,"column":null}}},"branchMap":{"1":{"line":0,"type":"cond-expr","locations":[{"start":{"line":0,"column":0},"end":{"line":0,"column":0},"skip":true},{"start":{"line":0,"column":0},"end":{"line":0,"column":0},"skip":true}]},"2":{"line":0,"type":"binary-expr","locations":[{"start":{"line":0,"column":0},"end":{"line":0,"column":0},"skip":true},{"start":{"line":0,"column":0},"end":{"line":0,"column":0},"skip":true}]},"3":{"line":10,"type":"binary-expr","locations":[{"start":{"line":10,"column":14},"end":{"line":10,"column":14}},{"start":{"line":10,"column":38},"end":{"line":10,"column":2}}]},"4":{"line":12,"type":"binary-expr","locations":[{"start":{"line":12,"column":15},"end":{"line":12,"column":15}},{"start":{"line":12,"column":35},"end":{"line":12,"column":2}}]}}},"/Users/danjesus/Projects/whishlist/lib/logger.js":{"path":"/Users/danjesus/Projects/whishlist/lib/logger.js","s":{"1":1,"2":1,"3":1,"4":1,"5":1,"6":2,"7":1,"8":1,"9":0,"10":1},"b":{"1":[0,2],"2":[2,2],"3":[0,1]},"f":{"1":2},"fnMap":{"1":{"name":"_interopRequireDefault","line":0,"loc":{"start":{"line":0,"column":0},"end":{"line":0,"column":0}},"skip":true}},"statementMap":{"1":{"start":{"line":1,"column":0},"end":{"line":null,"column":null}},"2":{"start":{"line":0,"column":0},"end":{"line":0,"column":0},"skip":true},"3":{"start":{"line":2,"column":0},"end":{"line":null,"column":null}},"4":{"start":{"line":0,"column":0},"end":{"line":0,"column":0},"skip":true},"5":{"start":{"line":0,"column":0},"end":{"line":0,"column":0},"skip":true},"6":{"start":{"line":0,"column":0},"end":{"line":0,"column":0},"skip":true},"7":{"start":{"line":4,"column":0},"end":{"line":null,"column":null}},"8":{"start":{"line":6,"column":0},"end":{"line":null,"column":null}},"9":{"start":{"line":7,"column":5},"end":{"line":null,"column":null}},"10":{"start":{"line":10,"column":0},"end":{"line":null,"column":null}}},"branchMap":{"1":{"line":0,"type":"cond-expr","locations":[{"start":{"line":0,"column":0},"end":{"line":0,"column":0},"skip":true},{"start":{"line":0,"column":0},"end":{"line":0,"column":0},"skip":true}]},"2":{"line":0,"type":"binary-expr","locations":[{"start":{"line":0,"column":0},"end":{"line":0,"column":0},"skip":true},{"start":{"line":0,"column":0},"end":{"line":0,"column":0},"skip":true}]},"3":{"line":6,"type":"if","locations":[{"start":{"line":6,"column":0},"end":{"line":6,"column":0}},{"start":{"line":6,"column":0},"end":{"line":6,"column":0}}]}}},"/Users/danjesus/Projects/whishlist/endpoints/index.js":{"path":"/Users/danjesus/Projects/whishlist/endpoints/index.js","s":{"1":1,"2":1,"3":1},"b":{},"f":{"1":1,"2":1},"fnMap":{"1":{"name":"(anonymous_1)","line":1,"loc":{"start":{"line":1,"column":17},"end":{"line":1,"column":24}}},"2":{"name":"(anonymous_2)","line":12,"loc":{"start":{"line":12,"column":15},"end":{"line":12,"column":29}}}},"statementMap":{"1":{"start":{"line":1,"column":0},"end":{"line":null,"column":null}},"2":{"start":{"line":12,"column":6},"end":{"line":null,"column":null}},"3":{"start":{"line":14,"column":7},"end":{"line":null,"column":null}}},"branchMap":{}},"/Users/danjesus/Projects/whishlist/endpoints/logout.js":{"path":"/Users/danjesus/Projects/whishlist/endpoints/logout.js","s":{"1":1,"2":1,"3":1},"b":{},"f":{"1":1,"2":1},"fnMap":{"1":{"name":"(anonymous_1)","line":1,"loc":{"start":{"line":1,"column":17},"end":{"line":1,"column":24}}},"2":{"name":"(anonymous_2)","line":2,"loc":{"start":{"line":2,"column":21},"end":{"line":2,"column":35}}}},"statementMap":{"1":{"start":{"line":1,"column":0},"end":{"line":null,"column":null}},"2":{"start":{"line":2,"column":6},"end":{"line":null,"column":null}},"3":{"start":{"line":3,"column":8},"end":{"line":null,"column":null}}},"branchMap":{}},"/Users/danjesus/Projects/whishlist/endpoints/signup.js":{"path":"/Users/danjesus/Projects/whishlist/endpoints/signup.js","s":{"1":1,"2":1,"3":1,"4":1,"5":1,"6":1,"7":1,"8":3,"9":3,"10":1,"11":2,"12":2,"13":2,"14":0,"15":2,"16":2,"17":1,"18":1,"19":1,"20":1,"21":0,"22":2},"b":{"1":[0,1],"2":[1,1],"3":[1,2],"4":[3,2,2,2],"5":[0,2],"6":[1,1]},"f":{"1":1,"2":1,"3":3,"4":2,"5":1,"6":0},"fnMap":{"1":{"name":"_interopRequireDefault","line":0,"loc":{"start":{"line":0,"column":0},"end":{"line":0,"column":0}},"skip":true},"2":{"name":"(anonymous_2)","line":3,"loc":{"start":{"line":3,"column":17},"end":{"line":3,"column":24}}},"3":{"name":"(anonymous_3)","line":29,"loc":{"start":{"line":29,"column":22},"end":{"line":29,"column":37}}},"4":{"name":"(anonymous_4)","line":42,"loc":{"start":{"line":42,"column":33},"end":{"line":42,"column":58}}},"5":{"name":"(anonymous_5)","line":64,"loc":{"start":{"line":64,"column":14},"end":{"line":null,"column":null}}},"6":{"name":"(anonymous_6)","line":65,"loc":{"start":{"line":65,"column":15},"end":{"line":null,"column":null}}}},"statementMap":{"1":{"start":{"line":1,"column":0},"end":{"line":null,"column":null}},"2":{"start":{"line":0,"column":0},"end":{"line":0,"column":0},"skip":true},"3":{"start":{"line":0,"column":0},"end":{"line":0,"column":0},"skip":true},"4":{"start":{"line":0,"column":0},"end":{"line":0,"column":0},"skip":true},"5":{"start":{"line":3,"column":0},"end":{"line":null,"column":null}},"6":{"start":{"line":4,"column":8},"end":{"line":null,"column":null}},"7":{"start":{"line":29,"column":6},"end":{"line":null,"column":null}},"8":{"start":{"line":30,"column":10},"end":{"line":null,"column":null}},"9":{"start":{"line":32,"column":8},"end":{"line":null,"column":null}},"10":{"start":{"line":33,"column":13},"end":{"line":null,"column":null}},"11":{"start":{"line":40,"column":10},"end":{"line":null,"column":null}},"12":{"start":{"line":42,"column":12},"end":{"line":null,"column":null}},"13":{"start":{"line":43,"column":10},"end":{"line":null,"column":null}},"14":{"start":{"line":44,"column":15},"end":{"line":null,"column":null}},"15":{"start":{"line":51,"column":12},"end":{"line":null,"column":null}},"16":{"start":{"line":53,"column":10},"end":{"line":null,"column":null}},"17":{"start":{"line":54,"column":15},"end":{"line":null,"column":null}},"18":{"start":{"line":61,"column":10},"end":{"line":null,"column":null}},"19":{"start":{"line":63,"column":13},"end":{"line":null,"column":null}},"20":{"start":{"line":64,"column":20},"end":{"line":null,"column":null}},"21":{"start":{"line":65,"column":24},"end":{"line":null,"column":null}},"22":{"start":{"line":68,"column":11},"end":{"line":null,"column":null}}},"branchMap":{"1":{"line":0,"type":"cond-expr","locations":[{"start":{"line":0,"column":0},"end":{"line":0,"column":0},"skip":true},{"start":{"line":0,"column":0},"end":{"line":0,"column":0},"skip":true}]},"2":{"line":0,"type":"binary-expr","locations":[{"start":{"line":0,"column":0},"end":{"line":0,"column":0},"skip":true},{"start":{"line":0,"column":0},"end":{"line":0,"column":0},"skip":true}]},"3":{"line":32,"type":"if","locations":[{"start":{"line":32,"column":8},"end":{"line":32,"column":8}},{"start":{"line":32,"column":8},"end":{"line":32,"column":8}}]},"4":{"line":32,"type":"binary-expr","locations":[{"start":{"line":32,"column":8},"end":{"line":32,"column":8}},{"start":{"line":32,"column":26},"end":{"line":32,"column":8}},{"start":{"line":32,"column":45},"end":{"line":32,"column":8}},{"start":{"line":32,"column":67},"end":{"line":32,"column":4}}]},"5":{"line":43,"type":"if","locations":[{"start":{"line":43,"column":10},"end":{"line":43,"column":10}},{"start":{"line":43,"column":10},"end":{"line":43,"column":10}}]},"6":{"line":53,"type":"if","locations":[{"start":{"line":53,"column":10},"end":{"line":53,"column":10}},{"start":{"line":53,"column":10},"end":{"line":53,"column":10}}]}}},"/Users/danjesus/Projects/whishlist/endpoints/token.js":{"path":"/Users/danjesus/Projects/whishlist/endpoints/token.js","s":{"1":1,"2":1,"3":1,"4":1,"5":1,"6":1,"7":1,"8":4,"9":1,"10":3,"11":3,"12":3,"13":3,"14":2,"15":1,"16":1},"b":{"1":[0,1],"2":[1,1],"3":[1,3],"4":[4,3],"5":[2,1],"6":[3,2]},"f":{"1":1,"2":1,"3":4,"4":3},"fnMap":{"1":{"name":"_interopRequireDefault","line":0,"loc":{"start":{"line":0,"column":0},"end":{"line":0,"column":0}},"skip":true},"2":{"name":"(anonymous_2)","line":3,"loc":{"start":{"line":3,"column":17},"end":{"line":3,"column":24}}},"3":{"name":"(anonymous_3)","line":28,"loc":{"start":{"line":28,"column":21},"end":{"line":28,"column":35}}},"4":{"name":"(anonymous_4)","line":41,"loc":{"start":{"line":41,"column":12},"end":{"line":41,"column":20}}}},"statementMap":{"1":{"start":{"line":1,"column":0},"end":{"line":null,"column":null}},"2":{"start":{"line":0,"column":0},"end":{"line":0,"column":0},"skip":true},"3":{"start":{"line":0,"column":0},"end":{"line":0,"column":0},"skip":true},"4":{"start":{"line":0,"column":0},"end":{"line":0,"column":0},"skip":true},"5":{"start":{"line":3,"column":0},"end":{"line":null,"column":null}},"6":{"start":{"line":4,"column":8},"end":{"line":null,"column":null}},"7":{"start":{"line":28,"column":6},"end":{"line":null,"column":null}},"8":{"start":{"line":29,"column":8},"end":{"line":null,"column":null}},"9":{"start":{"line":30,"column":13},"end":{"line":null,"column":null}},"10":{"start":{"line":33,"column":10},"end":{"line":null,"column":null}},"11":{"start":{"line":34,"column":10},"end":{"line":null,"column":null}},"12":{"start":{"line":36,"column":11},"end":{"line":null,"column":null}},"13":{"start":{"line":42,"column":12},"end":{"line":null,"column":null}},"14":{"start":{"line":43,"column":17},"end":{"line":null,"column":null}},"15":{"start":{"line":46,"column":14},"end":{"line":null,"column":null}},"16":{"start":{"line":48,"column":15},"end":{"line":null,"column":null}}},"branchMap":{"1":{"line":0,"type":"cond-expr","locations":[{"start":{"line":0,"column":0},"end":{"line":0,"column":0},"skip":true},{"start":{"line":0,"column":0},"end":{"line":0,"column":0},"skip":true}]},"2":{"line":0,"type":"binary-expr","locations":[{"start":{"line":0,"column":0},"end":{"line":0,"column":0},"skip":true},{"start":{"line":0,"column":0},"end":{"line":0,"column":0},"skip":true}]},"3":{"line":29,"type":"if","locations":[{"start":{"line":29,"column":8},"end":{"line":29,"column":8}},{"start":{"line":29,"column":8},"end":{"line":29,"column":8}}]},"4":{"line":29,"type":"binary-expr","locations":[{"start":{"line":29,"column":8},"end":{"line":29,"column":8}},{"start":{"line":29,"column":27},"end":{"line":29,"column":4}}]},"5":{"line":42,"type":"if","locations":[{"start":{"line":42,"column":12},"end":{"line":42,"column":12}},{"start":{"line":42,"column":12},"end":{"line":42,"column":12}}]},"6":{"line":42,"type":"binary-expr","locations":[{"start":{"line":42,"column":12},"end":{"line":42,"column":12}},{"start":{"line":42,"column":21},"end":{"line":42,"column":8}}]}}},"/Users/danjesus/Projects/whishlist/endpoints/users.js":{"path":"/Users/danjesus/Projects/whishlist/endpoints/users.js","s":{"1":1,"2":1,"3":1,"4":1,"5":1,"6":1,"7":1,"8":1,"9":1,"10":0,"11":1,"12":1,"13":1,"14":1,"15":1,"16":0},"b":{"1":[1,0],"2":[1,1],"3":[1,0]},"f":{"1":1,"2":1,"3":1,"4":1,"5":0,"6":1,"7":1,"8":0},"fnMap":{"1":{"name":"_interopRequireDefault","line":0,"loc":{"start":{"line":0,"column":0},"end":{"line":0,"column":0}},"skip":true},"2":{"name":"(anonymous_2)","line":3,"loc":{"start":{"line":3,"column":17},"end":{"line":3,"column":24}}},"3":{"name":"(anonymous_3)","line":34,"loc":{"start":{"line":34,"column":9},"end":{"line":34,"column":23}}},"4":{"name":"(anonymous_4)","line":38,"loc":{"start":{"line":38,"column":14},"end":{"line":38,"column":22}}},"5":{"name":"(anonymous_5)","line":41,"loc":{"start":{"line":41,"column":15},"end":{"line":41,"column":22}}},"6":{"name":"(anonymous_6)","line":67,"loc":{"start":{"line":67,"column":9},"end":{"line":67,"column":24}}},"7":{"name":"(anonymous_7)","line":79,"loc":{"start":{"line":79,"column":14},"end":{"line":null,"column":null}}},"8":{"name":"(anonymous_8)","line":80,"loc":{"start":{"line":80,"column":15},"end":{"line":null,"column":null}}}},"statementMap":{"1":{"start":{"line":1,"column":0},"end":{"line":null,"column":null}},"2":{"start":{"line":0,"column":0},"end":{"line":0,"column":0},"skip":true},"3":{"start":{"line":0,"column":0},"end":{"line":0,"column":0},"skip":true},"4":{"start":{"line":0,"column":0},"end":{"line":0,"column":0},"skip":true},"5":{"start":{"line":3,"column":0},"end":{"line":null,"column":null}},"6":{"start":{"line":4,"column":8},"end":{"line":null,"column":null}},"7":{"start":{"line":6,"column":6},"end":{"line":null,"column":null}},"8":{"start":{"line":35,"column":11},"end":{"line":null,"column":null}},"9":{"start":{"line":39,"column":14},"end":{"line":null,"column":null}},"10":{"start":{"line":42,"column":14},"end":{"line":null,"column":null}},"11":{"start":{"line":68,"column":12},"end":{"line":null,"column":null}},"12":{"start":{"line":70,"column":10},"end":{"line":null,"column":null}},"13":{"start":{"line":71,"column":12},"end":{"line":null,"column":null}},"14":{"start":{"line":74,"column":11},"end":{"line":null,"column":null}},"15":{"start":{"line":79,"column":20},"end":{"line":null,"column":null}},"16":{"start":{"line":80,"column":22},"end":{"line":null,"column":null}}},"branchMap":{"1":{"line":0,"type":"cond-expr","locations":[{"start":{"line":0,"column":0},"end":{"line":0,"column":0},"skip":true},{"start":{"line":0,"column":0},"end":{"line":0,"column":0},"skip":true}]},"2":{"line":0,"type":"binary-expr","locations":[{"start":{"line":0,"column":0},"end":{"line":0,"column":0},"skip":true},{"start":{"line":0,"column":0},"end":{"line":0,"column":0},"skip":true}]},"3":{"line":70,"type":"if","locations":[{"start":{"line":70,"column":10},"end":{"line":70,"column":10}},{"start":{"line":70,"column":10},"end":{"line":70,"column":10}}]}}},"/Users/danjesus/Projects/whishlist/endpoints/whishlist.js":{"path":"/Users/danjesus/Projects/whishlist/endpoints/whishlist.js","s":{"1":1,"2":1,"3":1,"4":2,"5":2,"6":1,"7":2,"8":2,"9":1,"10":1,"11":0,"12":1,"13":1,"14":1,"15":1,"16":0,"17":1,"18":1,"19":1,"20":1,"21":0,"22":0,"23":1,"24":1,"25":0,"26":1,"27":1,"28":0},"b":{"1":[1,1],"2":[0,1],"3":[1,1,1],"4":[1,0]},"f":{"1":1,"2":2,"3":2,"4":1,"5":1,"6":0,"7":1,"8":1,"9":0,"10":1,"11":1,"12":0,"13":1,"14":1,"15":0},"fnMap":{"1":{"name":"(anonymous_1)","line":1,"loc":{"start":{"line":1,"column":17},"end":{"line":1,"column":24}}},"2":{"name":"(anonymous_2)","line":39,"loc":{"start":{"line":39,"column":9},"end":{"line":39,"column":23}}},"3":{"name":"(anonymous_3)","line":62,"loc":{"start":{"line":62,"column":13},"end":{"line":62,"column":23}}},"4":{"name":"(anonymous_4)","line":102,"loc":{"start":{"line":102,"column":10},"end":{"line":102,"column":25}}},"5":{"name":"(anonymous_5)","line":112,"loc":{"start":{"line":112,"column":14},"end":{"line":112,"column":24}}},"6":{"name":"(anonymous_6)","line":126,"loc":{"start":{"line":126,"column":15},"end":{"line":126,"column":22}}},"7":{"name":"(anonymous_7)","line":165,"loc":{"start":{"line":165,"column":9},"end":{"line":165,"column":23}}},"8":{"name":"(anonymous_8)","line":180,"loc":{"start":{"line":180,"column":14},"end":{"line":180,"column":24}}},"9":{"name":"(anonymous_9)","line":187,"loc":{"start":{"line":187,"column":15},"end":{"line":187,"column":22}}},"10":{"name":"(anonymous_10)","line":211,"loc":{"start":{"line":211,"column":9},"end":{"line":211,"column":23}}},"11":{"name":"(anonymous_11)","line":218,"loc":{"start":{"line":218,"column":14},"end":{"line":null,"column":null}}},"12":{"name":"(anonymous_12)","line":219,"loc":{"start":{"line":219,"column":15},"end":{"line":219,"column":22}}},"13":{"name":"(anonymous_13)","line":235,"loc":{"start":{"line":235,"column":12},"end":{"line":235,"column":26}}},"14":{"name":"(anonymous_14)","line":242,"loc":{"start":{"line":242,"column":14},"end":{"line":null,"column":null}}},"15":{"name":"(anonymous_15)","line":243,"loc":{"start":{"line":243,"column":15},"end":{"line":null,"column":null}}}},"statementMap":{"1":{"start":{"line":1,"column":0},"end":{"line":null,"column":null}},"2":{"start":{"line":2,"column":8},"end":{"line":null,"column":null}},"3":{"start":{"line":37,"column":6},"end":{"line":null,"column":null}},"4":{"start":{"line":40,"column":12},"end":{"line":null,"column":null}},"5":{"start":{"line":54,"column":10},"end":{"line":null,"column":null}},"6":{"start":{"line":55,"column":20},"end":{"line":null,"column":null}},"7":{"start":{"line":60,"column":16},"end":{"line":null,"column":null}},"8":{"start":{"line":63,"column":12},"end":{"line":null,"column":null}},"9":{"start":{"line":103,"column":12},"end":{"line":null,"column":null}},"10":{"start":{"line":105,"column":10},"end":{"line":null,"column":null}},"11":{"start":{"line":106,"column":15},"end":{"line":null,"column":null}},"12":{"start":{"line":109,"column":10},"end":{"line":null,"column":null}},"13":{"start":{"line":111,"column":13},"end":{"line":null,"column":null}},"14":{"start":{"line":113,"column":16},"end":{"line":null,"column":null}},"15":{"start":{"line":123,"column":13},"end":{"line":null,"column":null}},"16":{"start":{"line":128,"column":13},"end":{"line":null,"column":null}},"17":{"start":{"line":135,"column":6},"end":{"line":null,"column":null}},"18":{"start":{"line":166,"column":16},"end":{"line":null,"column":null}},"19":{"start":{"line":181,"column":14},"end":{"line":null,"column":null}},"20":{"start":{"line":182,"column":19},"end":{"line":null,"column":null}},"21":{"start":{"line":185,"column":17},"end":{"line":null,"column":null}},"22":{"start":{"line":188,"column":14},"end":{"line":null,"column":null}},"23":{"start":{"line":212,"column":16},"end":{"line":null,"column":null}},"24":{"start":{"line":218,"column":20},"end":{"line":null,"column":null}},"25":{"start":{"line":220,"column":14},"end":{"line":null,"column":null}},"26":{"start":{"line":236,"column":16},"end":{"line":null,"column":null}},"27":{"start":{"line":242,"column":20},"end":{"line":null,"column":null}},"28":{"start":{"line":243,"column":22},"end":{"line":null,"column":null}}},"branchMap":{"1":{"line":54,"type":"if","locations":[{"start":{"line":54,"column":10},"end":{"line":54,"column":10}},{"start":{"line":54,"column":10},"end":{"line":54,"column":10}}]},"2":{"line":105,"type":"if","locations":[{"start":{"line":105,"column":10},"end":{"line":105,"column":10}},{"start":{"line":105,"column":10},"end":{"line":105,"column":10}}]},"3":{"line":105,"type":"binary-expr","locations":[{"start":{"line":105,"column":10},"end":{"line":105,"column":10}},{"start":{"line":105,"column":28},"end":{"line":105,"column":10}},{"start":{"line":105,"column":53},"end":{"line":105,"column":6}}]},"4":{"line":181,"type":"if","locations":[{"start":{"line":181,"column":14},"end":{"line":181,"column":14}},{"start":{"line":181,"column":14},"end":{"line":181,"column":14}}]}}},"/Users/danjesus/Projects/whishlist/lib/boot.js":{"path":"/Users/danjesus/Projects/whishlist/lib/boot.js","s":{"1":1,"2":1,"3":1,"4":1,"5":1,"6":1,"7":1,"8":0,"9":0,"10":0},"b":{"1":[0,1],"2":[1,1],"3":[0,1]},"f":{"1":1,"2":1,"3":0,"4":0},"fnMap":{"1":{"name":"_interopRequireDefault","line":0,"loc":{"start":{"line":0,"column":0},"end":{"line":0,"column":0}},"skip":true},"2":{"name":"(anonymous_2)","line":3,"loc":{"start":{"line":3,"column":17},"end":{"line":3,"column":24}}},"3":{"name":"(anonymous_3)","line":7,"loc":{"start":{"line":7,"column":33},"end":{"line":7,"column":39}}},"4":{"name":"(anonymous_4)","line":8,"loc":{"start":{"line":8,"column":23},"end":{"line":8,"column":29}}}},"statementMap":{"1":{"start":{"line":1,"column":0},"end":{"line":null,"column":null}},"2":{"start":{"line":0,"column":0},"end":{"line":0,"column":0},"skip":true},"3":{"start":{"line":0,"column":0},"end":{"line":0,"column":0},"skip":true},"4":{"start":{"line":0,"column":0},"end":{"line":0,"column":0},"skip":true},"5":{"start":{"line":3,"column":0},"end":{"line":null,"column":null}},"6":{"start":{"line":4,"column":8},"end":{"line":null,"column":null}},"7":{"start":{"line":6,"column":6},"end":{"line":null,"column":null}},"8":{"start":{"line":7,"column":8},"end":{"line":null,"column":null}},"9":{"start":{"line":8,"column":10},"end":{"line":null,"column":null}},"10":{"start":{"line":9,"column":15},"end":{"line":null,"column":null}}},"branchMap":{"1":{"line":0,"type":"cond-expr","locations":[{"start":{"line":0,"column":0},"end":{"line":0,"column":0},"skip":true},{"start":{"line":0,"column":0},"end":{"line":0,"column":0},"skip":true}]},"2":{"line":0,"type":"binary-expr","locations":[{"start":{"line":0,"column":0},"end":{"line":0,"column":0},"skip":true},{"start":{"line":0,"column":0},"end":{"line":0,"column":0},"skip":true}]},"3":{"line":6,"type":"if","locations":[{"start":{"line":6,"column":6},"end":{"line":6,"column":6}},{"start":{"line":6,"column":6},"end":{"line":6,"column":6}}]}}}}