TN:
SF:/Users/danjesus/Projects/whishlist/index.js
FNF:0
FNH:0
DA:1,1
DA:2,1
DA:4,1
DA:6,1
DA:15,1
LF:5
LH:5
BRF:0
BRH:0
end_of_record
TN:
SF:/Users/danjesus/Projects/whishlist/config.js
FN:3,(anonymous_1)
FNF:1
FNH:1
FNDA:1,(anonymous_1)
DA:1,1
DA:3,1
LF:2
LH:2
BRDA:1,1,0,1
BRDA:1,1,1,0
BRF:2
BRH:1
end_of_record
TN:
SF:/Users/danjesus/Projects/whishlist/config.test.js
FNF:0
FNH:0
DA:1,1
LF:1
LH:1
BRF:0
BRH:0
end_of_record
TN:
SF:/Users/danjesus/Projects/whishlist/db.js
FN:7,(anonymous_2)
FN:26,(anonymous_3)
FN:35,(anonymous_4)
FNF:3
FNH:3
FNDA:1,(anonymous_2)
FNDA:2,(anonymous_3)
FNDA:2,(anonymous_4)
DA:1,1
DA:2,1
DA:3,1
DA:5,1
DA:7,1
DA:8,1
DA:9,1
DA:11,1
DA:18,1
DA:24,1
DA:26,1
DA:27,2
DA:28,2
DA:30,2
DA:31,2
DA:35,1
DA:36,2
DA:39,1
LF:18
LH:18
BRDA:8,3,0,0
BRDA:8,3,1,1
BRDA:30,4,0,2
BRDA:30,4,1,0
BRF:4
BRH:2
end_of_record
TN:
SF:/Users/danjesus/Projects/whishlist/models/user.js
FN:3,(anonymous_2)
FN:13,beforeCreate
FN:20,associate
FN:23,isPassword
FNF:4
FNH:4
FNDA:1,(anonymous_2)
FNDA:14,beforeCreate
FNDA:1,associate
FNDA:2,isPassword
DA:1,1
DA:3,1
DA:4,1
DA:14,14
DA:16,14
DA:21,1
DA:23,2
DA:27,1
LF:8
LH:8
BRF:0
BRH:0
end_of_record
TN:
SF:/Users/danjesus/Projects/whishlist/lib/password.factory.js
FN:4,create
FN:11,compare
FNF:2
FNH:2
FNDA:16,create
FNDA:3,compare
DA:1,1
DA:3,1
DA:5,16
DA:6,16
DA:8,16
DA:12,3
LF:6
LH:6
BRF:0
BRH:0
end_of_record
TN:
SF:/Users/danjesus/Projects/whishlist/models/whishlist.js
FN:1,(anonymous_1)
FN:9,associate
FNF:2
FNH:2
FNDA:1,(anonymous_1)
FNDA:1,associate
DA:1,1
DA:2,1
DA:10,1
DA:15,1
LF:4
LH:4
BRF:0
BRH:0
end_of_record
TN:
SF:/Users/danjesus/Projects/whishlist/auth.js
FN:4,(anonymous_2)
FN:12,(anonymous_3)
FN:14,(anonymous_4)
FN:21,(anonymous_5)
FN:26,(anonymous_6)
FN:28,(anonymous_7)
FN:31,init
FN:32,authenticate
FNF:8
FNH:6
FNDA:1,(anonymous_2)
FNDA:8,(anonymous_3)
FNDA:8,(anonymous_4)
FNDA:0,(anonymous_5)
FNDA:8,(anonymous_6)
FNDA:0,(anonymous_7)
FNDA:1,init
FNDA:3,authenticate
DA:1,1
DA:2,1
DA:4,1
DA:5,1
DA:6,1
DA:7,1
DA:12,1
DA:13,8
DA:15,8
DA:16,8
DA:19,0
DA:21,0
DA:24,1
DA:26,8
DA:28,1
DA:30,1
DA:31,1
DA:32,3
LF:18
LH:16
BRDA:15,3,0,8
BRDA:15,3,1,0
BRF:2
BRH:1
end_of_record
TN:
SF:/Users/danjesus/Projects/whishlist/lib/middlewares.js
FN:9,(anonymous_2)
FN:33,write
FN:39,(anonymous_4)
FNF:3
FNH:3
FNDA:1,(anonymous_2)
FNDA:17,write
FNDA:17,(anonymous_4)
DA:1,1
DA:2,1
DA:3,1
DA:4,1
DA:5,1
DA:6,1
DA:7,1
DA:9,1
DA:10,1
DA:11,1
DA:12,1
DA:14,1
DA:15,1
DA:16,1
DA:17,1
DA:19,1
DA:21,1
DA:25,1
DA:27,1
DA:29,1
DA:31,1
DA:34,17
DA:39,1
DA:40,17
DA:41,17
DA:43,17
DA:46,1
DA:48,1
LF:28
LH:28
BRDA:10,3,0,1
BRDA:10,3,1,0
BRDA:12,4,0,1
BRDA:12,4,1,1
BRF:4
BRH:3
end_of_record
TN:
SF:/Users/danjesus/Projects/whishlist/lib/logger.js
FNF:0
FNH:0
DA:1,1
DA:2,1
DA:4,1
DA:6,1
DA:7,0
DA:10,1
LF:6
LH:5
BRDA:6,3,0,0
BRDA:6,3,1,1
BRF:2
BRH:1
end_of_record
TN:
SF:/Users/danjesus/Projects/whishlist/endpoints/index.js
FN:1,(anonymous_1)
FN:12,(anonymous_2)
FNF:2
FNH:2
FNDA:1,(anonymous_1)
FNDA:1,(anonymous_2)
DA:1,1
DA:12,1
DA:14,1
LF:3
LH:3
BRF:0
BRH:0
end_of_record
TN:
SF:/Users/danjesus/Projects/whishlist/endpoints/logout.js
FN:1,(anonymous_1)
FN:2,(anonymous_2)
FNF:2
FNH:2
FNDA:1,(anonymous_1)
FNDA:1,(anonymous_2)
DA:1,1
DA:2,1
DA:3,1
LF:3
LH:3
BRF:0
BRH:0
end_of_record
TN:
SF:/Users/danjesus/Projects/whishlist/endpoints/signup.js
FN:3,(anonymous_2)
FN:29,(anonymous_3)
FN:42,(anonymous_4)
FN:64,(anonymous_5)
FN:65,(anonymous_6)
FNF:5
FNH:4
FNDA:1,(anonymous_2)
FNDA:3,(anonymous_3)
FNDA:2,(anonymous_4)
FNDA:1,(anonymous_5)
FNDA:0,(anonymous_6)
DA:1,1
DA:3,1
DA:4,1
DA:29,1
DA:30,3
DA:32,3
DA:33,1
DA:40,2
DA:42,2
DA:43,2
DA:44,0
DA:51,2
DA:53,2
DA:54,1
DA:61,1
DA:63,1
DA:64,1
DA:65,0
DA:68,2
LF:19
LH:17
BRDA:32,3,0,1
BRDA:32,3,1,2
BRDA:32,4,0,3
BRDA:32,4,1,2
BRDA:32,4,2,2
BRDA:32,4,3,2
BRDA:43,5,0,0
BRDA:43,5,1,2
BRDA:53,6,0,1
BRDA:53,6,1,1
BRF:10
BRH:9
end_of_record
TN:
SF:/Users/danjesus/Projects/whishlist/endpoints/token.js
FN:3,(anonymous_2)
FN:28,(anonymous_3)
FN:41,(anonymous_4)
FNF:3
FNH:3
FNDA:1,(anonymous_2)
FNDA:4,(anonymous_3)
FNDA:3,(anonymous_4)
DA:1,1
DA:3,1
DA:4,1
DA:28,1
DA:29,4
DA:30,1
DA:33,3
DA:34,3
DA:36,3
DA:42,3
DA:43,2
DA:46,1
DA:48,1
LF:13
LH:13
BRDA:29,3,0,1
BRDA:29,3,1,3
BRDA:29,4,0,4
BRDA:29,4,1,3
BRDA:42,5,0,2
BRDA:42,5,1,1
BRDA:42,6,0,3
BRDA:42,6,1,2
BRF:8
BRH:8
end_of_record
TN:
SF:/Users/danjesus/Projects/whishlist/endpoints/users.js
FN:3,(anonymous_2)
FN:34,(anonymous_3)
FN:38,(anonymous_4)
FN:41,(anonymous_5)
FN:67,(anonymous_6)
FN:79,(anonymous_7)
FN:80,(anonymous_8)
FNF:7
FNH:5
FNDA:1,(anonymous_2)
FNDA:1,(anonymous_3)
FNDA:1,(anonymous_4)
FNDA:0,(anonymous_5)
FNDA:1,(anonymous_6)
FNDA:1,(anonymous_7)
FNDA:0,(anonymous_8)
DA:1,1
DA:3,1
DA:4,1
DA:6,1
DA:35,1
DA:39,1
DA:42,0
DA:68,1
DA:70,1
DA:71,1
DA:74,1
DA:79,1
DA:80,0
LF:13
LH:11
BRDA:70,3,0,1
BRDA:70,3,1,0
BRF:2
BRH:1
end_of_record
TN:
SF:/Users/danjesus/Projects/whishlist/endpoints/whishlist.js
FN:1,(anonymous_1)
FN:39,(anonymous_2)
FN:62,(anonymous_3)
FN:102,(anonymous_4)
FN:112,(anonymous_5)
FN:126,(anonymous_6)
FN:165,(anonymous_7)
FN:180,(anonymous_8)
FN:187,(anonymous_9)
FN:211,(anonymous_10)
FN:218,(anonymous_11)
FN:219,(anonymous_12)
FN:235,(anonymous_13)
FN:242,(anonymous_14)
FN:243,(anonymous_15)
FNF:15
FNH:11
FNDA:1,(anonymous_1)
FNDA:2,(anonymous_2)
FNDA:2,(anonymous_3)
FNDA:1,(anonymous_4)
FNDA:1,(anonymous_5)
FNDA:0,(anonymous_6)
FNDA:1,(anonymous_7)
FNDA:1,(anonymous_8)
FNDA:0,(anonymous_9)
FNDA:1,(anonymous_10)
FNDA:1,(anonymous_11)
FNDA:0,(anonymous_12)
FNDA:1,(anonymous_13)
FNDA:1,(anonymous_14)
FNDA:0,(anonymous_15)
DA:1,1
DA:2,1
DA:37,1
DA:40,2
DA:54,2
DA:55,1
DA:60,2
DA:63,2
DA:103,1
DA:105,1
DA:106,0
DA:109,1
DA:111,1
DA:113,1
DA:123,1
DA:128,0
DA:135,1
DA:166,1
DA:181,1
DA:182,1
DA:185,0
DA:188,0
DA:212,1
DA:218,1
DA:220,0
DA:236,1
DA:242,1
DA:243,0
LF:28
LH:22
BRDA:54,1,0,1
BRDA:54,1,1,1
BRDA:105,2,0,0
BRDA:105,2,1,1
BRDA:105,3,0,1
BRDA:105,3,1,1
BRDA:105,3,2,1
BRDA:181,4,0,1
BRDA:181,4,1,0
BRF:9
BRH:7
end_of_record
TN:
SF:/Users/danjesus/Projects/whishlist/lib/boot.js
FN:3,(anonymous_2)
FN:7,(anonymous_3)
FN:8,(anonymous_4)
FNF:3
FNH:1
FNDA:1,(anonymous_2)
FNDA:0,(anonymous_3)
FNDA:0,(anonymous_4)
DA:1,1
DA:3,1
DA:4,1
DA:6,1
DA:7,0
DA:8,0
DA:9,0
LF:7
LH:4
BRDA:6,3,0,0
BRDA:6,3,1,1
BRF:2
BRH:1
end_of_record
